<?xml version="1.0" encoding="UTF-8"?>
<!-- Generated by org.testng.reporters.JUnitXMLReporter -->
<testsuite hostname="LAPTOP-CLIP7DDS" ignored="0" name="Default test" tests="5" failures="0" timestamp="2021-11-05T14:41:57 IST" time="93.007" errors="0">
  <testcase name="chrome" time="39.497" classname="Package.DockerFirefox"/>
  <testcase name="loginbutton" time="0.416" classname="Package.DockerFirefox"/>
  <testcase name="password" time="1.569" classname="Package.DockerFirefox"/>
  <testcase name="password1" time="48.087" classname="Package.DockerFirefox"/>
  <testcase name="tofield" time="3.192" classname="Package.DockerFirefox"/>
</testsuite> <!-- Default test -->
